<?xml version="1.0" encoding="UTF-8"?>
<testng-results ignored="18" total="28" passed="9" failed="1" skipped="0">
  <reporter-output>
    <line>
      <![CDATA[---db connection successful---]]>
    </line>
    <line>
      <![CDATA[---db connection closed successfully---]]>
    </line>
  </reporter-output>
  <suite started-at="2022-08-22T13:15:31 IST" name="Suite" finished-at="2022-08-22T13:15:36 IST" duration-ms="4201">
    <groups>
    </groups>
    <test started-at="2022-08-22T13:15:31 IST" name="Test" finished-at="2022-08-22T13:15:36 IST" duration-ms="4201">
      <class name="Rmg_Api.DuplicateTest">
        <test-method signature="duplicaTest()[pri:0, instance:Rmg_Api.DuplicateTest@156b88f5]" started-at="2022-08-22T13:15:35 IST" name="duplicaTest" finished-at="2022-08-22T13:15:36 IST" duration-ms="66" status="PASS">
          <reporter-output>
          </reporter-output>
        </test-method> <!-- duplicaTest -->
      </class> <!-- Rmg_Api.DuplicateTest -->
      <class name="Rmg_Api.GetSingleProjectTest">
        <test-method signature="getSingleProject()[pri:0, instance:Rmg_Api.GetSingleProjectTest@3bf9ce3e]" started-at="2022-08-22T13:15:36 IST" name="getSingleProject" finished-at="2022-08-22T13:15:36 IST" duration-ms="40" status="PASS">
          <reporter-output>
          </reporter-output>
        </test-method> <!-- getSingleProject -->
      </class> <!-- Rmg_Api.GetSingleProjectTest -->
      <class name="Rmg_Api.CreateProjectUsingJSONFile">
        <test-method signature="createP()[pri:0, instance:Rmg_Api.CreateProjectUsingJSONFile@505fc5a4]" started-at="2022-08-22T13:15:35 IST" name="createP" finished-at="2022-08-22T13:15:35 IST" duration-ms="129" status="PASS">
          <reporter-output>
          </reporter-output>
        </test-method> <!-- createP -->
      </class> <!-- Rmg_Api.CreateProjectUsingJSONFile -->
      <class name="Rmg_Api.CreateProjectUsingHashmap">
        <test-method signature="createP()[pri:0, instance:Rmg_Api.CreateProjectUsingHashmap@3d6f0054]" started-at="2022-08-22T13:15:35 IST" name="createP" finished-at="2022-08-22T13:15:35 IST" duration-ms="122" status="PASS">
          <reporter-output>
          </reporter-output>
        </test-method> <!-- createP -->
      </class> <!-- Rmg_Api.CreateProjectUsingHashmap -->
      <class name="Rmg_Api.DeleteProjectTest">
        <test-method signature="deleteP()[pri:0, instance:Rmg_Api.DeleteProjectTest@4efc180e]" started-at="2022-08-22T13:15:35 IST" name="deleteP" finished-at="2022-08-22T13:15:35 IST" duration-ms="121" status="FAIL">
          <exception class="java.lang.NoSuchMethodError">
            <message>
              <![CDATA['void org.hamcrest.Matcher.describeMismatch(java.lang.Object, org.hamcrest.Description)']]>
            </message>
            <full-stacktrace>
              <![CDATA[java.lang.NoSuchMethodError: 'void org.hamcrest.Matcher.describeMismatch(java.lang.Object, org.hamcrest.Description)'
at io.restassured.internal.util.MatcherErrorMessageBuilder.buildError(MatcherErrorMessageBuilder.java:35)
at io.restassured.internal.util.MatcherErrorMessageBuilder$buildError.call(Unknown Source)
at org.codehaus.groovy.runtime.callsite.CallSiteArray.defaultCall(CallSiteArray.java:47)
at org.codehaus.groovy.runtime.callsite.AbstractCallSite.call(AbstractCallSite.java:125)
at org.codehaus.groovy.runtime.callsite.AbstractCallSite.call(AbstractCallSite.java:148)
at io.restassured.internal.ResponseSpecificationImpl$HamcrestAssertionClosure.validateStatusCodeAndStatusLine(ResponseSpecificationImpl.groovy:549)
at java.base/jdk.internal.reflect.NativeMethodAccessorImpl.invoke0(Native Method)
at java.base/jdk.internal.reflect.NativeMethodAccessorImpl.invoke(NativeMethodAccessorImpl.java:77)
at java.base/jdk.internal.reflect.DelegatingMethodAccessorImpl.invoke(DelegatingMethodAccessorImpl.java:43)
at java.base/java.lang.reflect.Method.invoke(Method.java:568)
at org.codehaus.groovy.runtime.callsite.PlainObjectMetaMethodSite.doInvoke(PlainObjectMetaMethodSite.java:43)
at org.codehaus.groovy.runtime.callsite.PogoMetaMethodSite$PogoCachedMethodSiteNoUnwrapNoCoerce.invoke(PogoMetaMethodSite.java:193)
at org.codehaus.groovy.runtime.callsite.PogoMetaMethodSite.callCurrent(PogoMetaMethodSite.java:61)
at org.codehaus.groovy.runtime.callsite.AbstractCallSite.callCurrent(AbstractCallSite.java:185)
at io.restassured.internal.ResponseSpecificationImpl$HamcrestAssertionClosure.validate(ResponseSpecificationImpl.groovy:471)
at io.restassured.internal.ResponseSpecificationImpl$HamcrestAssertionClosure$validate$1.call(Unknown Source)
at io.restassured.internal.ResponseSpecificationImpl.validateResponseIfRequired(ResponseSpecificationImpl.groovy:674)
at java.base/jdk.internal.reflect.NativeMethodAccessorImpl.invoke0(Native Method)
at java.base/jdk.internal.reflect.NativeMethodAccessorImpl.invoke(NativeMethodAccessorImpl.java:77)
at java.base/jdk.internal.reflect.DelegatingMethodAccessorImpl.invoke(DelegatingMethodAccessorImpl.java:43)
at java.base/java.lang.reflect.Method.invoke(Method.java:568)
at org.codehaus.groovy.runtime.callsite.PlainObjectMetaMethodSite.doInvoke(PlainObjectMetaMethodSite.java:43)
at org.codehaus.groovy.runtime.callsite.PogoMetaMethodSite$PogoCachedMethodSiteNoUnwrapNoCoerce.invoke(PogoMetaMethodSite.java:193)
at org.codehaus.groovy.runtime.callsite.PogoMetaMethodSite.callCurrent(PogoMetaMethodSite.java:61)
at org.codehaus.groovy.runtime.callsite.AbstractCallSite.callCurrent(AbstractCallSite.java:185)
at io.restassured.internal.ResponseSpecificationImpl.statusCode(ResponseSpecificationImpl.groovy:126)
at io.restassured.specification.ResponseSpecification$statusCode$0.callCurrent(Unknown Source)
at io.restassured.internal.ResponseSpecificationImpl.statusCode(ResponseSpecificationImpl.groovy:134)
at io.restassured.internal.ValidatableResponseOptionsImpl.statusCode(ValidatableResponseOptionsImpl.java:89)
at io.restassured.internal.ValidatableResponseImpl.super$2$statusCode(ValidatableResponseImpl.groovy)
at java.base/jdk.internal.reflect.NativeMethodAccessorImpl.invoke0(Native Method)
at java.base/jdk.internal.reflect.NativeMethodAccessorImpl.invoke(NativeMethodAccessorImpl.java:77)
at java.base/jdk.internal.reflect.DelegatingMethodAccessorImpl.invoke(DelegatingMethodAccessorImpl.java:43)
at java.base/java.lang.reflect.Method.invoke(Method.java:568)
at org.codehaus.groovy.reflection.CachedMethod.invoke(CachedMethod.java:107)
at groovy.lang.MetaMethod.doMethodInvoke(MetaMethod.java:323)
at groovy.lang.MetaClassImpl.invokeMethod(MetaClassImpl.java:1268)
at org.codehaus.groovy.runtime.ScriptBytecodeAdapter.invokeMethodOnSuperN(ScriptBytecodeAdapter.java:144)
at io.restassured.internal.ValidatableResponseImpl.statusCode(ValidatableResponseImpl.groovy:142)
at io.restassured.internal.ValidatableResponseImpl.statusCode(ValidatableResponseImpl.groovy)
at Rmg_Api.DeleteProjectTest.deleteP(DeleteProjectTest.java:19)
at java.base/jdk.internal.reflect.NativeMethodAccessorImpl.invoke0(Native Method)
at java.base/jdk.internal.reflect.NativeMethodAccessorImpl.invoke(NativeMethodAccessorImpl.java:77)
at java.base/jdk.internal.reflect.DelegatingMethodAccessorImpl.invoke(DelegatingMethodAccessorImpl.java:43)
at java.base/java.lang.reflect.Method.invoke(Method.java:568)
at org.testng.internal.MethodInvocationHelper.invokeMethod(MethodInvocationHelper.java:133)
at org.testng.internal.TestInvoker.invokeMethod(TestInvoker.java:598)
at org.testng.internal.TestInvoker.invokeTestMethod(TestInvoker.java:173)
at org.testng.internal.MethodRunner.runInSequence(MethodRunner.java:46)
at org.testng.internal.TestInvoker$MethodInvocationAgent.invoke(TestInvoker.java:824)
at org.testng.internal.TestInvoker.invokeTestMethods(TestInvoker.java:146)
at org.testng.internal.TestMethodWorker.invokeTestMethods(TestMethodWorker.java:146)
at org.testng.internal.TestMethodWorker.run(TestMethodWorker.java:128)
at java.base/java.util.ArrayList.forEach(ArrayList.java:1511)
at org.testng.TestRunner.privateRun(TestRunner.java:794)
at org.testng.TestRunner.run(TestRunner.java:596)
at org.testng.SuiteRunner.runTest(SuiteRunner.java:377)
at org.testng.SuiteRunner.runSequentially(SuiteRunner.java:371)
at org.testng.SuiteRunner.privateRun(SuiteRunner.java:332)
at org.testng.SuiteRunner.run(SuiteRunner.java:276)
at org.testng.SuiteRunnerWorker.runSuite(SuiteRunnerWorker.java:53)
at org.testng.SuiteRunnerWorker.run(SuiteRunnerWorker.java:96)
at org.testng.TestNG.runSuitesSequentially(TestNG.java:1212)
at org.testng.TestNG.runSuitesLocally(TestNG.java:1134)
at org.testng.TestNG.runSuites(TestNG.java:1063)
at org.testng.TestNG.run(TestNG.java:1031)
at org.testng.remote.AbstractRemoteTestNG.run(AbstractRemoteTestNG.java:115)
at org.testng.remote.RemoteTestNG.initAndRun(RemoteTestNG.java:251)
at org.testng.remote.RemoteTestNG.main(RemoteTestNG.java:77)
]]>
            </full-stacktrace>
          </exception> <!-- java.lang.NoSuchMethodError -->
          <reporter-output>
          </reporter-output>
        </test-method> <!-- deleteP -->
      </class> <!-- Rmg_Api.DeleteProjectTest -->
      <class name="Rmg_Api.CreateProjectUisngJSONOBect">
        <test-method signature="createP()[pri:0, instance:Rmg_Api.CreateProjectUisngJSONOBect@16a0ee18]" started-at="2022-08-22T13:15:35 IST" name="createP" finished-at="2022-08-22T13:15:35 IST" duration-ms="102" status="PASS">
          <reporter-output>
          </reporter-output>
        </test-method> <!-- createP -->
      </class> <!-- Rmg_Api.CreateProjectUisngJSONOBect -->
      <class name="Rmg_Api.CreateProjectTest">
        <test-method signature="createProjectTest()[pri:0, instance:Rmg_Api.CreateProjectTest@2a54a73f]" started-at="2022-08-22T13:15:35 IST" name="createProjectTest" finished-at="2022-08-22T13:15:35 IST" duration-ms="127" status="PASS">
          <reporter-output>
          </reporter-output>
        </test-method> <!-- createProjectTest -->
      </class> <!-- Rmg_Api.CreateProjectTest -->
      <class name="Rmg_Api.CreateProjectGetAndVerifyInDB">
        <test-method is-config="true" signature="bsConfig()[pri:0, instance:Rmg_Api.CreateProjectGetAndVerifyInDB@6d4e5011]" started-at="2022-08-22T13:15:30 IST" name="bsConfig" finished-at="2022-08-22T13:15:31 IST" duration-ms="1476" status="PASS">
          <reporter-output>
            <line>
              <![CDATA[---db connection successful---]]>
            </line>
          </reporter-output>
        </test-method> <!-- bsConfig -->
        <test-method signature="createP()[pri:0, instance:Rmg_Api.CreateProjectGetAndVerifyInDB@6d4e5011]" started-at="2022-08-22T13:15:31 IST" name="createP" finished-at="2022-08-22T13:15:35 IST" duration-ms="3229" status="PASS">
          <reporter-output>
          </reporter-output>
        </test-method> <!-- createP -->
        <test-method is-config="true" signature="asConfig()[pri:0, instance:Rmg_Api.CreateProjectGetAndVerifyInDB@6d4e5011]" started-at="2022-08-22T13:15:36 IST" name="asConfig" finished-at="2022-08-22T13:15:36 IST" duration-ms="12" status="PASS">
          <reporter-output>
            <line>
              <![CDATA[---db connection closed successfully---]]>
            </line>
          </reporter-output>
        </test-method> <!-- asConfig -->
      </class> <!-- Rmg_Api.CreateProjectGetAndVerifyInDB -->
      <class name="Rmg_Api.CreateProjectUsingPOJO">
        <test-method signature="createP()[pri:0, instance:Rmg_Api.CreateProjectUsingPOJO@5fbdfdcf]" started-at="2022-08-22T13:15:35 IST" name="createP" finished-at="2022-08-22T13:15:35 IST" duration-ms="85" status="PASS">
          <reporter-output>
          </reporter-output>
        </test-method> <!-- createP -->
      </class> <!-- Rmg_Api.CreateProjectUsingPOJO -->
      <class name="Rmg_Api.UpdateProjectTest">
        <test-method signature="updateProject()[pri:0, instance:Rmg_Api.UpdateProjectTest@16610890]" started-at="2022-08-22T13:15:36 IST" name="updateProject" finished-at="2022-08-22T13:15:36 IST" duration-ms="51" status="PASS">
          <reporter-output>
          </reporter-output>
        </test-method> <!-- updateProject -->
      </class> <!-- Rmg_Api.UpdateProjectTest -->
    </test> <!-- Test -->
  </suite> <!-- Suite -->
</testng-results>
